
===============================================================================
                          Initial Simulation State
===============================================================================
Processor State (e.g., Registers)
---------------------------------
PC: 00000000
00:00000000

RAM
---
13 01 C0 7E 13 04 01 00 B7 14 11 11 93 84 14 11
33 89 94 00 B3 09 99 00 33 8A 99 00 B3 0A 9A 00
33 8B 9A 00 B3 0B 9B 00 33 8C 9B 00 B3 0C 9C 00
33 8D 9C 00 B3 0D 9D 00 EF 00 80 1A 73 00 10 00
83 22 05 00 03 A3 05 00 23 20 65 00 23 A0 55 00
67 80 00 00 13 01 01 FE 23 2E 11 00 23 2A 91 00
23 28 21 01 23 26 31 01 23 24 41 01 33 0A 05 00
B3 02 C6 00 B3 82 C2 00 B3 82 C2 00 B3 02 5A 00
83 A4 02 00 13 89 F5 FF B3 89 05 00 63 D2 C9 04
33 83 39 01 33 03 33 01 33 03 33 01 33 03 6A 00
83 23 03 00 63 D2 93 02 13 09 19 00 33 0E 29 01
33 0E 2E 01 33 0E 2E 01 33 0E CA 01 33 05 0E 00
B3 05 03 00 EF F0 DF F7 93 89 19 00 6F F0 1F FC
13 09 19 00 33 0E 29 01 33 0E 2E 01 33 0E 2E 01
33 0E CA 01 B3 0E C6 00 B3 8E CE 00 B3 8E CE 00
B3 0E DA 01 33 05 0E 00 B3 85 0E 00 EF F0 5F F4
33 05 09 00 83 20 C1 01 83 24 41 01 03 29 01 01
83 29 C1 00 03 2A 81 00 13 01 01 02 67 80 00 00
13 01 01 FE 23 2E 11 00 23 2A 91 00 23 28 21 01
23 26 31 01 23 24 41 01 63 D0 C5 04 B3 04 05 00
33 89 05 00 B3 09 06 00 EF F0 DF F0 33 0A 05 00
33 85 04 00 B3 05 09 00 13 06 FA FF 63 D4 C5 00
EF F0 1F FC 33 85 04 00 93 05 1A 00 33 86 09 00
63 D4 C5 00 EF F0 DF FA 83 20 C1 01 83 24 41 01
03 29 01 01 83 29 C1 00 03 2A 81 00 13 01 01 02
67 80 00 00 93 02 05 00 03 25 C0 7F 13 03 A0 00
93 03 00 00 63 DE 63 00 63 DC A3 00 03 2E C0 7F
23 A0 C2 01 93 82 42 00 93 83 13 00 6F F0 9F FE
67 80 00 00 63 0C 05 00 83 A2 05 00 23 2E 50 7E
93 85 45 00 13 05 F5 FF 6F F0 DF FE 67 80 00 00
13 01 01 FC 23 2E 11 02 23 2C 81 02 13 04 01 04
13 05 C4 FC EF F0 1F FA 23 24 A4 FC 13 06 F5 FF
93 05 00 00 13 05 C4 FC EF F0 9F F1 03 25 84 FC
93 05 C4 FC EF F0 1F FB 13 05 00 00 03 24 81 03
83 20 C1 03 13 01 01 04 67 80 00 00

StdIO
-----
Input:
0000000A F0004986 E8389A67 917D8A06 BE88C4C4 18BF067B 3DF72696 61F0CCE5
0C007EFE 7D932C87 A1BDE636

===============================================================================
                            Program Execution
===============================================================================

===============================================================================
                         Final Simulation State
===============================================================================
Processor State (e.g., Registers)
---------------------------------
PC: 00000040
00:00000000 01:0000003C 02:000007EC 05:7D932C87 06:61F0CCE5 07:7D932C87 08:000007EC 09:11111111
0A:00000000 0B:000007E0 0C:00000009 12:22222222 13:33333333 14:44444444 15:55555555 16:66666666
17:77777777 18:88888888 19:99999999 1A:AAAAAAAA 1B:BBBBBBBB 1C:000007D8 1D:000007DC

RAM
---
13 01 C0 7E 13 04 01 00 B7 14 11 11 93 84 14 11
33 89 94 00 B3 09 99 00 33 8A 99 00 B3 0A 9A 00
33 8B 9A 00 B3 0B 9B 00 33 8C 9B 00 B3 0C 9C 00
33 8D 9C 00 B3 0D 9D 00 EF 00 80 1A 73 00 10 00
83 22 05 00 03 A3 05 00 23 20 65 00 23 A0 55 00
67 80 00 00 13 01 01 FE 23 2E 11 00 23 2A 91 00
23 28 21 01 23 26 31 01 23 24 41 01 33 0A 05 00
B3 02 C6 00 B3 82 C2 00 B3 82 C2 00 B3 02 5A 00
83 A4 02 00 13 89 F5 FF B3 89 05 00 63 D2 C9 04
33 83 39 01 33 03 33 01 33 03 33 01 33 03 6A 00
83 23 03 00 63 D2 93 02 13 09 19 00 33 0E 29 01
33 0E 2E 01 33 0E 2E 01 33 0E CA 01 33 05 0E 00
B3 05 03 00 EF F0 DF F7 93 89 19 00 6F F0 1F FC
13 09 19 00 33 0E 29 01 33 0E 2E 01 33 0E 2E 01
33 0E CA 01 B3 0E C6 00 B3 8E CE 00 B3 8E CE 00
B3 0E DA 01 33 05 0E 00 B3 85 0E 00 EF F0 5F F4
33 05 09 00 83 20 C1 01 83 24 41 01 03 29 01 01
83 29 C1 00 03 2A 81 00 13 01 01 02 67 80 00 00
13 01 01 FE 23 2E 11 00 23 2A 91 00 23 28 21 01
23 26 31 01 23 24 41 01 63 D0 C5 04 B3 04 05 00
33 89 05 00 B3 09 06 00 EF F0 DF F0 33 0A 05 00
33 85 04 00 B3 05 09 00 13 06 FA FF 63 D4 C5 00
EF F0 1F FC 33 85 04 00 93 05 1A 00 33 86 09 00
63 D4 C5 00 EF F0 DF FA 83 20 C1 01 83 24 41 01
03 29 01 01 83 29 C1 00 03 2A 81 00 13 01 01 02
67 80 00 00 93 02 05 00 03 25 C0 7F 13 03 A0 00
93 03 00 00 63 DE 63 00 63 DC A3 00 03 2E C0 7F
23 A0 C2 01 93 82 42 00 93 83 13 00 6F F0 9F FE
67 80 00 00 63 0C 05 00 83 A2 05 00 23 2E 50 7E
93 85 45 00 13 05 F5 FF 6F F0 DF FE 67 80 00 00
13 01 01 FC 23 2E 11 02 23 2C 81 02 13 04 01 04
13 05 C4 FC EF F0 1F FA 23 24 A4 FC 13 06 F5 FF
93 05 00 00 13 05 C4 FC EF F0 9F F1 03 25 84 FC
93 05 C4 FC EF F0 1F FB 13 05 00 00 03 24 81 03
83 20 C1 03 13 01 01 04 67 80 00 00 XX XX XX XX
XX XX XX XX XX XX XX XX XX XX XX XX XX XX XX XX
XX XX XX XX XX XX XX XX XX XX XX XX XX XX XX XX
XX XX XX XX XX XX XX XX XX XX XX XX XX XX XX XX
XX XX XX XX XX XX XX XX XX XX XX XX XX XX XX XX
XX XX XX XX XX XX XX XX XX XX XX XX XX XX XX XX
XX XX XX XX XX XX XX XX XX XX XX XX XX XX XX XX
XX XX XX XX XX XX XX XX XX XX XX XX XX XX XX XX
XX XX XX XX XX XX XX XX XX XX XX XX XX XX XX XX
XX XX XX XX XX XX XX XX XX XX XX XX XX XX XX XX
XX XX XX XX XX XX XX XX XX XX XX XX XX XX XX XX
XX XX XX XX XX XX XX XX XX XX XX XX XX XX XX XX
XX XX XX XX XX XX XX XX XX XX XX XX XX XX XX XX
XX XX XX XX XX XX XX XX XX XX XX XX XX XX XX XX
XX XX XX XX XX XX XX XX XX XX XX XX XX XX XX XX
XX XX XX XX XX XX XX XX XX XX XX XX XX XX XX XX
XX XX XX XX XX XX XX XX XX XX XX XX XX XX XX XX
XX XX XX XX XX XX XX XX XX XX XX XX XX XX XX XX
XX XX XX XX XX XX XX XX XX XX XX XX XX XX XX XX
XX XX XX XX XX XX XX XX XX XX XX XX XX XX XX XX
XX XX XX XX XX XX XX XX XX XX XX XX XX XX XX XX
XX XX XX XX XX XX XX XX XX XX XX XX XX XX XX XX
XX XX XX XX XX XX XX XX XX XX XX XX XX XX XX XX
XX XX XX XX XX XX XX XX XX XX XX XX XX XX XX XX
XX XX XX XX XX XX XX XX XX XX XX XX XX XX XX XX
XX XX XX XX XX XX XX XX XX XX XX XX XX XX XX XX
XX XX XX XX XX XX XX XX XX XX XX XX XX XX XX XX
XX XX XX XX XX XX XX XX XX XX XX XX XX XX XX XX
XX XX XX XX XX XX XX XX XX XX XX XX XX XX XX XX
XX XX XX XX XX XX XX XX XX XX XX XX XX XX XX XX
XX XX XX XX XX XX XX XX XX XX XX XX XX XX XX XX
XX XX XX XX XX XX XX XX XX XX XX XX XX XX XX XX
XX XX XX XX XX XX XX XX XX XX XX XX XX XX XX XX
XX XX XX XX XX XX XX XX XX XX XX XX XX XX XX XX
XX XX XX XX XX XX XX XX XX XX XX XX XX XX XX XX
XX XX XX XX XX XX XX XX XX XX XX XX XX XX XX XX
XX XX XX XX XX XX XX XX XX XX XX XX XX XX XX XX
XX XX XX XX XX XX XX XX XX XX XX XX XX XX XX XX
XX XX XX XX XX XX XX XX XX XX XX XX XX XX XX XX
XX XX XX XX XX XX XX XX XX XX XX XX XX XX XX XX
XX XX XX XX XX XX XX XX XX XX XX XX XX XX XX XX
XX XX XX XX XX XX XX XX XX XX XX XX XX XX XX XX
XX XX XX XX XX XX XX XX XX XX XX XX XX XX XX XX
XX XX XX XX XX XX XX XX XX XX XX XX XX XX XX XX
XX XX XX XX XX XX XX XX XX XX XX XX XX XX XX XX
XX XX XX XX XX XX XX XX XX XX XX XX XX XX XX XX
XX XX XX XX XX XX XX XX XX XX XX XX XX XX XX XX
XX XX XX XX XX XX XX XX XX XX XX XX XX XX XX XX
XX XX XX XX XX XX XX XX XX XX XX XX XX XX XX XX
XX XX XX XX XX XX XX XX XX XX XX XX XX XX XX XX
XX XX XX XX XX XX XX XX XX XX XX XX XX XX XX XX
XX XX XX XX XX XX XX XX XX XX XX XX XX XX XX XX
XX XX XX XX XX XX XX XX XX XX XX XX XX XX XX XX
XX XX XX XX XX XX XX XX XX XX XX XX XX XX XX XX
XX XX XX XX XX XX XX XX XX XX XX XX XX XX XX XX
XX XX XX XX XX XX XX XX XX XX XX XX XX XX XX XX
XX XX XX XX XX XX XX XX XX XX XX XX XX XX XX XX
XX XX XX XX XX XX XX XX XX XX XX XX XX XX XX XX
XX XX XX XX XX XX XX XX XX XX XX XX XX XX XX XX
XX XX XX XX XX XX XX XX XX XX XX XX XX XX XX XX
XX XX XX XX XX XX XX XX XX XX XX XX XX XX XX XX
XX XX XX XX XX XX XX XX XX XX XX XX XX XX XX XX
XX XX XX XX XX XX XX XX XX XX XX XX XX XX XX XX
XX XX XX XX XX XX XX XX XX XX XX XX XX XX XX XX
XX XX XX XX XX XX XX XX XX XX XX XX XX XX XX XX
XX XX XX XX XX XX XX XX XX XX XX XX XX XX XX XX
XX XX XX XX XX XX XX XX XX XX XX XX XX XX XX XX
XX XX XX XX XX XX XX XX XX XX XX XX XX XX XX XX
XX XX XX XX XX XX XX XX XX XX XX XX XX XX XX XX
XX XX XX XX XX XX XX XX XX XX XX XX XX XX XX XX
XX XX XX XX XX XX XX XX XX XX XX XX XX XX XX XX
XX XX XX XX XX XX XX XX XX XX XX XX XX XX XX XX
XX XX XX XX XX XX XX XX XX XX XX XX XX XX XX XX
XX XX XX XX XX XX XX XX XX XX XX XX XX XX XX XX
XX XX XX XX XX XX XX XX XX XX XX XX XX XX XX XX
XX XX XX XX XX XX XX XX XX XX XX XX XX XX XX XX
XX XX XX XX XX XX XX XX XX XX XX XX XX XX XX XX
XX XX XX XX 06 00 00 00 09 00 00 00 07 00 00 00
B8 07 00 00 XX XX XX XX 4C 01 00 00 XX XX XX XX
XX XX XX XX 06 00 00 00 09 00 00 00 05 00 00 00
B8 07 00 00 XX XX XX XX 78 01 00 00 XX XX XX XX
XX XX XX XX 04 00 00 00 09 00 00 00 04 00 00 00
B8 07 00 00 XX XX XX XX 78 01 00 00 XX XX XX XX
XX XX XX XX 03 00 00 00 09 00 00 00 02 00 00 00
B8 07 00 00 XX XX XX XX 78 01 00 00 XX XX XX XX
XX XX XX XX 01 00 00 00 09 00 00 00 00 00 00 00
B8 07 00 00 XX XX XX XX 78 01 00 00 XX XX XX XX
XX XX XX XX 44 44 44 44 33 33 33 33 22 22 22 22
11 11 11 11 XX XX XX XX 0C 02 00 00 XX XX XX XX
XX XX XX XX 0A 00 00 00 06 8A 7D 91 36 E6 BD A1
C4 C4 88 BE 67 9A 38 E8 86 49 00 F0 FE 7E 00 0C
7B 06 BF 18 96 26 F7 3D E5 CC F0 61 87 2C 93 7D
XX XX XX XX EC 07 00 00 3C 00 00 00

StdIO
-----
Output:
917D8A06 A1BDE636 BE88C4C4 E8389A67 F0004986 0C007EFE 18BF067B 3DF72696
61F0CCE5 7D932C87

807 instructions simulated.
